<?xml version="1.0" encoding="UTF-8"?>
<!-- Generated by org.testng.reporters.JUnitXMLReporter -->
<testsuite ignored="2" hostname="APH10080" failures="0" tests="2" name="Command line test" time="10.896" errors="0" timestamp="2025-02-19T15:05:56 IST">
  <testcase classname="Tests.SignInTest" name="AddToCartTest" time="0.594"/>
  <testcase classname="Tests.SignInTest" name="loginSauceLab" time="0.348"/>
  <testcase classname="Base.BaseTest" name="@BeforeSuite setUpReport" time="0.0">
    <ignored/>
  </testcase> <!-- @BeforeSuite setUpReport -->
  <testcase classname="Base.BaseTest" name="@AfterSuite tearDownReport" time="0.0">
    <ignored/>
  </testcase> <!-- @AfterSuite tearDownReport -->
</testsuite> <!-- Command line test -->
