<?xml version="1.0" encoding="UTF-8"?>
<testng-results ignored="2" total="4" passed="2" failed="0" skipped="0">
  <reporter-output>
  </reporter-output>
  <suite started-at="2025-02-19T15:05:45 IST" name="Command line suite" finished-at="2025-02-19T15:05:56 IST" duration-ms="10896">
    <groups>
    </groups>
    <test started-at="2025-02-19T15:05:45 IST" name="Command line test" finished-at="2025-02-19T15:05:56 IST" duration-ms="10896">
      <class name="Tests.SignInTest">
        <test-method is-config="true" signature="setup(java.lang.reflect.Method)[pri:0, instance:Tests.SignInTest@20d7d6fb]" started-at="2025-02-19T15:05:46 IST" name="setup" finished-at="2025-02-19T15:05:50 IST" duration-ms="4817" status="PASS">
          <params>
            <param index="0">
              <value>
                <![CDATA[public void Tests.SignInTest.AddToCartTest()]]>
              </value>
            </param>
          </params>
          <reporter-output>
          </reporter-output>
        </test-method> <!-- setup -->
        <test-method signature="AddToCartTest()[pri:0, instance:Tests.SignInTest@20d7d6fb]" started-at="2025-02-19T15:05:50 IST" name="AddToCartTest" description="Add to Cart Test" finished-at="2025-02-19T15:05:51 IST" duration-ms="594" status="PASS">
          <reporter-output>
          </reporter-output>
        </test-method> <!-- AddToCartTest -->
        <test-method is-config="true" signature="captureTestResult(org.testng.ITestResult)[pri:0, instance:Tests.SignInTest@20d7d6fb]" started-at="2025-02-19T15:05:51 IST" name="captureTestResult" finished-at="2025-02-19T15:05:52 IST" duration-ms="719" status="PASS">
          <params>
            <param index="0">
              <value>
                <![CDATA[[TestResult name=AddToCartTest status=SUCCESS method=SignInTest.AddToCartTest()[pri:0, instance:Tests.SignInTest@20d7d6fb] output={null}]]]>
              </value>
            </param>
          </params>
          <reporter-output>
          </reporter-output>
        </test-method> <!-- captureTestResult -->
        <test-method is-config="true" signature="setup(java.lang.reflect.Method)[pri:0, instance:Tests.SignInTest@20d7d6fb]" started-at="2025-02-19T15:05:52 IST" name="setup" finished-at="2025-02-19T15:05:55 IST" duration-ms="3810" status="PASS">
          <params>
            <param index="0">
              <value>
                <![CDATA[public void Tests.SignInTest.loginSauceLab()]]>
              </value>
            </param>
          </params>
          <reporter-output>
          </reporter-output>
        </test-method> <!-- setup -->
        <test-method signature="loginSauceLab()[pri:0, instance:Tests.SignInTest@20d7d6fb]" started-at="2025-02-19T15:05:55 IST" name="loginSauceLab" description="Login Test." finished-at="2025-02-19T15:05:56 IST" duration-ms="348" status="PASS">
          <reporter-output>
          </reporter-output>
        </test-method> <!-- loginSauceLab -->
        <test-method is-config="true" signature="captureTestResult(org.testng.ITestResult)[pri:0, instance:Tests.SignInTest@20d7d6fb]" started-at="2025-02-19T15:05:56 IST" name="captureTestResult" finished-at="2025-02-19T15:05:56 IST" duration-ms="592" status="PASS">
          <params>
            <param index="0">
              <value>
                <![CDATA[[TestResult name=loginSauceLab status=SUCCESS method=SignInTest.loginSauceLab()[pri:0, instance:Tests.SignInTest@20d7d6fb] output={null}]]]>
              </value>
            </param>
          </params>
          <reporter-output>
          </reporter-output>
        </test-method> <!-- captureTestResult -->
      </class> <!-- Tests.SignInTest -->
      <class name="Base.BaseTest">
        <test-method is-config="true" signature="setUpReport()[pri:0, instance:Base.BaseTest@39d76cb5]" started-at="2025-02-19T15:05:45 IST" name="setUpReport" finished-at="2025-02-19T15:05:45 IST" duration-ms="131" status="PASS">
          <reporter-output>
          </reporter-output>
        </test-method> <!-- setUpReport -->
        <test-method is-config="true" signature="tearDownReport()[pri:0, instance:Base.BaseTest@39d76cb5]" started-at="2025-02-19T15:05:56 IST" name="tearDownReport" finished-at="2025-02-19T15:05:56 IST" duration-ms="15" status="PASS">
          <reporter-output>
          </reporter-output>
        </test-method> <!-- tearDownReport -->
      </class> <!-- Base.BaseTest -->
    </test> <!-- Command line test -->
  </suite> <!-- Command line suite -->
</testng-results>
